c:\users\d059264\google drive\master\projektarbeit\spacepanic\spacepanic\gameengine\release\vc120.pdb
c:\users\d059264\google drive\master\projektarbeit\spacepanic\spacepanic\gameengine\release\window.obj
c:\users\d059264\google drive\master\projektarbeit\spacepanic\spacepanic\gameengine\release\timing.obj
c:\users\d059264\google drive\master\projektarbeit\spacepanic\spacepanic\gameengine\release\texturecache.obj
c:\users\d059264\google drive\master\projektarbeit\spacepanic\spacepanic\gameengine\release\spritebatch.obj
c:\users\d059264\google drive\master\projektarbeit\spacepanic\spacepanic\gameengine\release\sprite.obj
c:\users\d059264\google drive\master\projektarbeit\spacepanic\spacepanic\gameengine\release\resourcemanager.obj
c:\users\d059264\google drive\master\projektarbeit\spacepanic\spacepanic\gameengine\release\picopng.obj
c:\users\d059264\google drive\master\projektarbeit\spacepanic\spacepanic\gameengine\release\iomanager.obj
c:\users\d059264\google drive\master\projektarbeit\spacepanic\spacepanic\gameengine\release\inputmanager.obj
c:\users\d059264\google drive\master\projektarbeit\spacepanic\spacepanic\gameengine\release\imageloader.obj
c:\users\d059264\google drive\master\projektarbeit\spacepanic\spacepanic\gameengine\release\glslprogram.obj
c:\users\d059264\google drive\master\projektarbeit\spacepanic\spacepanic\gameengine\release\gameengine.obj
c:\users\d059264\google drive\master\projektarbeit\spacepanic\spacepanic\gameengine\release\errors.obj
c:\users\d059264\google drive\master\projektarbeit\spacepanic\spacepanic\gameengine\release\camera2d.obj
c:\users\d059264\google drive\master\projektarbeit\spacepanic\spacepanic\release\gameengine.lib
c:\users\d059264\google drive\master\projektarbeit\spacepanic\spacepanic\gameengine\release\gameengine.tlog\cl.command.1.tlog
c:\users\d059264\google drive\master\projektarbeit\spacepanic\spacepanic\gameengine\release\gameengine.tlog\cl.read.1.tlog
c:\users\d059264\google drive\master\projektarbeit\spacepanic\spacepanic\gameengine\release\gameengine.tlog\cl.write.1.tlog
c:\users\d059264\google drive\master\projektarbeit\spacepanic\spacepanic\gameengine\release\gameengine.tlog\lib-link.read.1.tlog
c:\users\d059264\google drive\master\projektarbeit\spacepanic\spacepanic\gameengine\release\gameengine.tlog\lib-link.write.1.tlog
c:\users\d059264\google drive\master\projektarbeit\spacepanic\spacepanic\gameengine\release\gameengine.tlog\lib.command.1.tlog
