Build started 28.02.2016 23:19:55.
     1>Project "C:\Users\D059264\Documents\Studium\Master\Master\Projektarbeit\SpacePanic\SpacePanic\NinjaPlattformer\NinjaPattformer.vcxproj" on node 2 (Build target(s)).
     1>ClCompile:
         C:\Program Files (x86)\Microsoft Visual Studio 12.0\VC\bin\CL.exe /c /ZI /nologo /W3 /WX- /sdl /Od /Oy- /D _MBCS /Gm /EHsc /RTC1 /MDd /GS /fp:precise /Zc:wchar_t /Zc:forScope /Fo"Debug\\" /Fd"Debug\vc120.pdb" /Gd /TP /analyze- /errorReport:prompt App.cpp GameplayScreen.cpp Main.cpp Player.cpp
         Player.cpp
     1>c:\users\d059264\documents\studium\master\master\projektarbeit\spacepanic\spacepanic\ninjaplattformer\player.cpp(147): warning C4244: 'argument' : conversion from 'double' to 'float32', possible loss of data
         Generating Code...
         Skipping... (no relevant changes detected)
         Main.cpp
         GameplayScreen.cpp
         App.cpp
       Link:
         C:\Program Files (x86)\Microsoft Visual Studio 12.0\VC\bin\link.exe /ERRORREPORT:PROMPT /OUT:"C:\Users\D059264\Documents\Studium\Master\Master\Projektarbeit\SpacePanic\SpacePanic\Debug\NinjaPlattformer.exe" /INCREMENTAL /NOLOGO SDL2.lib SDL2main.lib SDL2_ttf.lib SDL2_mixer.lib opengl32.lib glew32.lib GameEngine.lib Box2D.lib kernel32.lib user32.lib gdi32.lib winspool.lib comdlg32.lib advapi32.lib shell32.lib ole32.lib oleaut32.lib uuid.lib odbc32.lib odbccp32.lib /MANIFEST /MANIFESTUAC:"level='asInvoker' uiAccess='false'" /manifest:embed /DEBUG /PDB:"C:\Users\D059264\Documents\Studium\Master\Master\Projektarbeit\SpacePanic\SpacePanic\Debug\NinjaPlattformer.pdb" /SUBSYSTEM:CONSOLE /TLBID:1 /DYNAMICBASE /NXCOMPAT /IMPLIB:"C:\Users\D059264\Documents\Studium\Master\Master\Projektarbeit\SpacePanic\SpacePanic\Debug\NinjaPlattformer.lib" /MACHINE:X86 Debug\App.obj
         Debug\Box.obj
         Debug\Capsule.obj
         Debug\GameplayScreen.obj
         Debug\Main.obj
         Debug\Player.obj
         NinjaPattformer.vcxproj -> C:\Users\D059264\Documents\Studium\Master\Master\Projektarbeit\SpacePanic\SpacePanic\Debug\NinjaPlattformer.exe
     1>Done Building Project "C:\Users\D059264\Documents\Studium\Master\Master\Projektarbeit\SpacePanic\SpacePanic\NinjaPlattformer\NinjaPattformer.vcxproj" (Build target(s)).

Build succeeded.

Time Elapsed 00:00:01.07
