C:\USERS\D059264\DOCUMENTS\STUDIUM\MASTER\PROJEKTARBEIT\SPACEPANIC\SPACEPANIC\GAMEENGINE\DEBUG\ERRORS.OBJ
C:\USERS\D059264\DOCUMENTS\STUDIUM\MASTER\PROJEKTARBEIT\SPACEPANIC\SPACEPANIC\GAMEENGINE\DEBUG\GLSLPROGRAM.OBJ
C:\USERS\D059264\DOCUMENTS\STUDIUM\MASTER\PROJEKTARBEIT\SPACEPANIC\SPACEPANIC\GAMEENGINE\DEBUG\IMAGELOADER.OBJ
C:\USERS\D059264\DOCUMENTS\STUDIUM\MASTER\PROJEKTARBEIT\SPACEPANIC\SPACEPANIC\GAMEENGINE\DEBUG\IOMANAGER.OBJ
C:\USERS\D059264\DOCUMENTS\STUDIUM\MASTER\PROJEKTARBEIT\SPACEPANIC\SPACEPANIC\GAMEENGINE\DEBUG\PICOPNG.OBJ
C:\USERS\D059264\DOCUMENTS\STUDIUM\MASTER\PROJEKTARBEIT\SPACEPANIC\SPACEPANIC\GAMEENGINE\DEBUG\RESOURCEMANAGER.OBJ
C:\USERS\D059264\DOCUMENTS\STUDIUM\MASTER\PROJEKTARBEIT\SPACEPANIC\SPACEPANIC\GAMEENGINE\DEBUG\SOURCE.OBJ
C:\USERS\D059264\DOCUMENTS\STUDIUM\MASTER\PROJEKTARBEIT\SPACEPANIC\SPACEPANIC\GAMEENGINE\DEBUG\SPRITE.OBJ
C:\USERS\D059264\DOCUMENTS\STUDIUM\MASTER\PROJEKTARBEIT\SPACEPANIC\SPACEPANIC\GAMEENGINE\DEBUG\TEXTURECACHE.OBJ
C:\USERS\D059264\DOCUMENTS\STUDIUM\MASTER\PROJEKTARBEIT\SPACEPANIC\SPACEPANIC\GAMEENGINE\DEBUG\VC110.PDB
C:\USERS\D059264\DOCUMENTS\STUDIUM\MASTER\PROJEKTARBEIT\SPACEPANIC\SPACEPANIC\GAMEENGINE\DEBUG\WINDOW.OBJ
C:\USERS\D059264\DOCUMENTS\STUDIUM\MASTER\PROJEKTARBEIT\SPACEPANIC\SPACEPANIC\GAMEENGINE\DEBUG\GAMEENGINE.OBJ
C:\USERS\D059264\DOCUMENTS\STUDIUM\MASTER\PROJEKTARBEIT\SPACEPANIC\SPACEPANIC\DEBUG\GAMEENGINE.LIB
C:\Users\D059264\Documents\Studium\Master\Projektarbeit\SpacePanic\SpacePanic\GameEngine\Debug\Errors.obj
C:\Users\D059264\Documents\Studium\Master\Projektarbeit\SpacePanic\SpacePanic\GameEngine\Debug\GameEngine.obj
C:\Users\D059264\Documents\Studium\Master\Projektarbeit\SpacePanic\SpacePanic\GameEngine\Debug\GLSLProgram.obj
C:\Users\D059264\Documents\Studium\Master\Projektarbeit\SpacePanic\SpacePanic\GameEngine\Debug\ImageLoader.obj
C:\Users\D059264\Documents\Studium\Master\Projektarbeit\SpacePanic\SpacePanic\GameEngine\Debug\IOManager.obj
C:\Users\D059264\Documents\Studium\Master\Projektarbeit\SpacePanic\SpacePanic\GameEngine\Debug\picoPNG.obj
C:\Users\D059264\Documents\Studium\Master\Projektarbeit\SpacePanic\SpacePanic\GameEngine\Debug\ResourceManager.obj
C:\Users\D059264\Documents\Studium\Master\Projektarbeit\SpacePanic\SpacePanic\GameEngine\Debug\Source.obj
C:\Users\D059264\Documents\Studium\Master\Projektarbeit\SpacePanic\SpacePanic\GameEngine\Debug\Sprite.obj
C:\Users\D059264\Documents\Studium\Master\Projektarbeit\SpacePanic\SpacePanic\GameEngine\Debug\TextureCache.obj
C:\Users\D059264\Documents\Studium\Master\Projektarbeit\SpacePanic\SpacePanic\GameEngine\Debug\Window.obj
C:\Users\D059264\Documents\Studium\Master\Projektarbeit\SpacePanic\SpacePanic\GameEngine\Debug\cl.command.1.tlog
C:\Users\D059264\Documents\Studium\Master\Projektarbeit\SpacePanic\SpacePanic\GameEngine\Debug\CL.read.1.tlog
C:\Users\D059264\Documents\Studium\Master\Projektarbeit\SpacePanic\SpacePanic\GameEngine\Debug\CL.write.1.tlog
C:\Users\D059264\Documents\Studium\Master\Projektarbeit\SpacePanic\SpacePanic\GameEngine\Debug\Lib-link.read.1.tlog
C:\Users\D059264\Documents\Studium\Master\Projektarbeit\SpacePanic\SpacePanic\GameEngine\Debug\Lib-link.write.1.tlog
C:\Users\D059264\Documents\Studium\Master\Projektarbeit\SpacePanic\SpacePanic\GameEngine\Debug\lib.command.1.tlog
C:\Users\D059264\Documents\Studium\Master\Projektarbeit\SpacePanic\SpacePanic\GameEngine\Debug\vc110.idb
C:\Users\D059264\Documents\Studium\Master\Projektarbeit\SpacePanic\SpacePanic\GameEngine\Debug\vc110.pdb
C:\Users\D059264\Documents\Studium\Master\Projektarbeit\SpacePanic\SpacePanic\Debug\GameEngine.lib
