Build started 30.12.2015 23:08:36.
     1>Project "C:\Users\D059264\Google Drive\Master\Projektarbeit\SpacePanic\SpacePanic\GameEngine\GameEngine.vcxproj" on node 2 (Build target(s)).
     1>ClCompile:
         C:\Program Files (x86)\Microsoft Visual Studio 12.0\VC\bin\CL.exe /c /ZI /nologo /W3 /WX- /sdl /Od /Oy- /D WIN32 /D _DEBUG /D _LIB /D _UNICODE /D UNICODE /Gm /EHsc /RTC1 /MDd /GS /fp:precise /Zc:wchar_t /Zc:forScope /Fo"Debug\\" /Fd"Debug\vc120.pdb" /Gd /TP /analyze- /errorReport:prompt InputManager.cpp Sprite.cpp SpriteBatch.cpp
         SpriteBatch.cpp
     1>c:\users\d059264\google drive\master\projektarbeit\spacepanic\spacepanic\gameengine\spritebatch.cpp(24): warning C4018: '<' : signed/unsigned mismatch
     1>c:\users\d059264\google drive\master\projektarbeit\spacepanic\spacepanic\gameengine\spritebatch.cpp(66): warning C4018: '<' : signed/unsigned mismatch
     1>c:\users\d059264\google drive\master\projektarbeit\spacepanic\spacepanic\gameengine\spritebatch.cpp(97): warning C4018: '<' : signed/unsigned mismatch
         InputManager.cpp
         Generating Code...
         Compiling...
         Sprite.cpp
         Generating Code...
       Lib:
         C:\Program Files (x86)\Microsoft Visual Studio 12.0\VC\bin\Lib.exe /OUT:"C:\Users\D059264\Google Drive\Master\Projektarbeit\SpacePanic\SpacePanic\Debug\GameEngine.lib" /NOLOGO Debug\Camera2D.obj
         Debug\Errors.obj
         Debug\GameEngine.obj
         Debug\GLSLProgram.obj
         Debug\ImageLoader.obj
         Debug\InputManager.obj
         Debug\IOManager.obj
         Debug\picoPNG.obj
         Debug\ResourceManager.obj
         Debug\Sprite.obj
         Debug\SpriteBatch.obj
         Debug\TextureCache.obj
         Debug\Timing.obj
         Debug\Window.obj
         GameEngine.vcxproj -> C:\Users\D059264\Google Drive\Master\Projektarbeit\SpacePanic\SpacePanic\Debug\GameEngine.lib
     1>Done Building Project "C:\Users\D059264\Google Drive\Master\Projektarbeit\SpacePanic\SpacePanic\GameEngine\GameEngine.vcxproj" (Build target(s)).

Build succeeded.

Time Elapsed 00:00:02.60
