Build started 17.01.2016 17:42:28.
     1>Project "C:\Users\D059264\Documents\Studium\Master\Master\Projektarbeit\SpacePanic\SpacePanic\ZombieGame\ZombieGame.vcxproj" on node 2 (Build target(s)).
     1>ClCompile:
         C:\Program Files (x86)\Microsoft Visual Studio 12.0\VC\bin\CL.exe /c /ZI /nologo /W3 /WX- /sdl /Od /Oy- /D _MBCS /Gm /EHsc /RTC1 /MDd /GS /fp:precise /Zc:wchar_t /Zc:forScope /Fo"Debug\\" /Fd"Debug\vc120.pdb" /Gd /TP /analyze- /errorReport:prompt Agent.cpp Bullet.cpp Gun.cpp Human.cpp Level.cpp main.cpp MainGame.cpp Player.cpp Zombie.cpp
         Zombie.cpp
     1>c:\users\d059264\documents\studium\master\master\projektarbeit\spacepanic\spacepanic\zombiegame\zombie.cpp(44): warning C4018: '<' : signed/unsigned mismatch
         Player.cpp
     1>c:\users\d059264\documents\studium\master\master\projektarbeit\spacepanic\spacepanic\zombiegame\player.cpp(13): warning C4018: '<' : signed/unsigned mismatch
         MainGame.cpp
     1>c:\users\d059264\documents\studium\master\master\projektarbeit\spacepanic\spacepanic\gameengine\particleengine2d.h(3): warning C4067: unexpected tokens following preprocessor directive - expected a newline
     1>c:\users\d059264\documents\studium\master\master\projektarbeit\spacepanic\spacepanic\gameengine\gltexture.h(6): warning C4099: 'GameEngine::GLTexture' : type name first seen using 'class' now seen using 'struct'
                 c:\users\d059264\documents\studium\master\master\projektarbeit\spacepanic\spacepanic\gameengine\spritefont.h(36) : see declaration of 'GameEngine::GLTexture'
     1>c:\users\d059264\documents\studium\master\master\projektarbeit\spacepanic\spacepanic\zombiegame\maingame.cpp(22): warning C4305: 'initializing' : truncation from 'double' to 'const float'
     1>c:\users\d059264\documents\studium\master\master\projektarbeit\spacepanic\spacepanic\zombiegame\maingame.cpp(23): warning C4305: 'initializing' : truncation from 'double' to 'const float'
     1>c:\users\d059264\documents\studium\master\master\projektarbeit\spacepanic\spacepanic\zombiegame\maingame.cpp(42): warning C4018: '<' : signed/unsigned mismatch
     1>c:\users\d059264\documents\studium\master\master\projektarbeit\spacepanic\spacepanic\zombiegame\maingame.cpp(46): warning C4018: '<' : signed/unsigned mismatch
     1>c:\users\d059264\documents\studium\master\master\projektarbeit\spacepanic\spacepanic\zombiegame\maingame.cpp(50): warning C4018: '<' : signed/unsigned mismatch
     1>c:\users\d059264\documents\studium\master\master\projektarbeit\spacepanic\spacepanic\zombiegame\maingame.cpp(118): warning C4244: 'argument' : conversion from 'time_t' to 'unsigned long', possible loss of data
     1>c:\users\d059264\documents\studium\master\master\projektarbeit\spacepanic\spacepanic\zombiegame\maingame.cpp(132): warning C4018: '<' : signed/unsigned mismatch
     1>c:\users\d059264\documents\studium\master\master\projektarbeit\spacepanic\spacepanic\zombiegame\maingame.cpp(171): warning C4244: 'initializing' : conversion from 'Uint32' to 'float', possible loss of data
     1>c:\users\d059264\documents\studium\master\master\projektarbeit\spacepanic\spacepanic\zombiegame\maingame.cpp(175): warning C4244: 'initializing' : conversion from 'Uint32' to 'float', possible loss of data
     1>c:\users\d059264\documents\studium\master\master\projektarbeit\spacepanic\spacepanic\zombiegame\maingame.cpp(217): warning C4018: '<' : signed/unsigned mismatch
     1>c:\users\d059264\documents\studium\master\master\projektarbeit\spacepanic\spacepanic\zombiegame\maingame.cpp(223): warning C4018: '<' : signed/unsigned mismatch
     1>c:\users\d059264\documents\studium\master\master\projektarbeit\spacepanic\spacepanic\zombiegame\maingame.cpp(229): warning C4018: '<' : signed/unsigned mismatch
     1>c:\users\d059264\documents\studium\master\master\projektarbeit\spacepanic\spacepanic\zombiegame\maingame.cpp(232): warning C4018: '<' : signed/unsigned mismatch
     1>c:\users\d059264\documents\studium\master\master\projektarbeit\spacepanic\spacepanic\zombiegame\maingame.cpp(237): warning C4018: '<' : signed/unsigned mismatch
     1>c:\users\d059264\documents\studium\master\master\projektarbeit\spacepanic\spacepanic\zombiegame\maingame.cpp(257): warning C4018: '<' : signed/unsigned mismatch
     1>c:\users\d059264\documents\studium\master\master\projektarbeit\spacepanic\spacepanic\zombiegame\maingame.cpp(260): warning C4018: '<' : signed/unsigned mismatch
     1>c:\users\d059264\documents\studium\master\master\projektarbeit\spacepanic\spacepanic\zombiegame\maingame.cpp(268): warning C4018: '<' : signed/unsigned mismatch
     1>c:\users\d059264\documents\studium\master\master\projektarbeit\spacepanic\spacepanic\zombiegame\maingame.cpp(283): warning C4018: '<' : signed/unsigned mismatch
     1>c:\users\d059264\documents\studium\master\master\projektarbeit\spacepanic\spacepanic\zombiegame\maingame.cpp(287): warning C4018: '<' : signed/unsigned mismatch
     1>c:\users\d059264\documents\studium\master\master\projektarbeit\spacepanic\spacepanic\zombiegame\maingame.cpp(325): warning C4018: '<' : signed/unsigned mismatch
     1>c:\users\d059264\documents\studium\master\master\projektarbeit\spacepanic\spacepanic\zombiegame\maingame.cpp(385): warning C4244: 'argument' : conversion from 'Sint32' to 'float', possible loss of data
     1>c:\users\d059264\documents\studium\master\master\projektarbeit\spacepanic\spacepanic\zombiegame\maingame.cpp(432): warning C4018: '<' : signed/unsigned mismatch
     1>c:\users\d059264\documents\studium\master\master\projektarbeit\spacepanic\spacepanic\zombiegame\maingame.cpp(441): warning C4018: '<' : signed/unsigned mismatch
     1>c:\users\d059264\documents\studium\master\master\projektarbeit\spacepanic\spacepanic\zombiegame\maingame.cpp(450): warning C4018: '<' : signed/unsigned mismatch
     1>c:\users\d059264\documents\studium\master\master\projektarbeit\spacepanic\spacepanic\zombiegame\maingame.cpp(496): warning C4244: 'argument' : conversion from 'time_t' to 'unsigned int', possible loss of data
         main.cpp
     1>c:\users\d059264\documents\studium\master\master\projektarbeit\spacepanic\spacepanic\gameengine\particleengine2d.h(3): warning C4067: unexpected tokens following preprocessor directive - expected a newline
     1>c:\users\d059264\documents\studium\master\master\projektarbeit\spacepanic\spacepanic\gameengine\gltexture.h(6): warning C4099: 'GameEngine::GLTexture' : type name first seen using 'class' now seen using 'struct'
                 c:\users\d059264\documents\studium\master\master\projektarbeit\spacepanic\spacepanic\gameengine\spritefont.h(36) : see declaration of 'GameEngine::GLTexture'
         Level.cpp
     1>c:\users\d059264\documents\studium\master\master\projektarbeit\spacepanic\spacepanic\zombiegame\level.cpp(46): warning C4018: '<' : signed/unsigned mismatch
     1>c:\users\d059264\documents\studium\master\master\projektarbeit\spacepanic\spacepanic\zombiegame\level.cpp(48): warning C4018: '<' : signed/unsigned mismatch
         Human.cpp
     1>c:\users\d059264\documents\studium\master\master\projektarbeit\spacepanic\spacepanic\zombiegame\human.cpp(9): warning C4305: 'initializing' : truncation from 'double' to 'const float'
     1>c:\users\d059264\documents\studium\master\master\projektarbeit\spacepanic\spacepanic\zombiegame\human.cpp(10): warning C4305: 'initializing' : truncation from 'double' to 'const float'
     1>c:\users\d059264\documents\studium\master\master\projektarbeit\spacepanic\spacepanic\zombiegame\human.cpp(30): warning C4244: 'argument' : conversion from 'time_t' to 'unsigned int', possible loss of data
     1>c:\users\d059264\documents\studium\master\master\projektarbeit\spacepanic\spacepanic\zombiegame\human.cpp(57): warning C4244: 'argument' : conversion from 'time_t' to 'unsigned int', possible loss of data
         Gun.cpp
     1>c:\users\d059264\documents\studium\master\master\projektarbeit\spacepanic\spacepanic\zombiegame\gun.cpp(7): warning C4305: 'initializing' : truncation from 'double' to 'const float'
     1>c:\users\d059264\documents\studium\master\master\projektarbeit\spacepanic\spacepanic\zombiegame\gun.cpp(8): warning C4305: 'initializing' : truncation from 'double' to 'const float'
     1>c:\users\d059264\documents\studium\master\master\projektarbeit\spacepanic\spacepanic\zombiegame\gun.cpp(38): warning C4244: 'argument' : conversion from 'time_t' to 'unsigned int', possible loss of data
         Bullet.cpp
     1>c:\users\d059264\documents\studium\master\master\projektarbeit\spacepanic\spacepanic\zombiegame\bullet.cpp(81): warning C4244: '=' : conversion from 'float' to 'int', possible loss of data
     1>c:\users\d059264\documents\studium\master\master\projektarbeit\spacepanic\spacepanic\zombiegame\bullet.cpp(82): warning C4244: '=' : conversion from 'float' to 'int', possible loss of data
     1>c:\users\d059264\documents\studium\master\master\projektarbeit\spacepanic\spacepanic\zombiegame\bullet.cpp(86): warning C4018: '>=' : signed/unsigned mismatch
         Agent.cpp
     1>c:\users\d059264\documents\studium\master\master\projektarbeit\spacepanic\spacepanic\zombiegame\agent.cpp(61): warning C4018: '<' : signed/unsigned mismatch
     1>c:\users\d059264\documents\studium\master\master\projektarbeit\spacepanic\spacepanic\zombiegame\agent.cpp(134): warning C4244: 'argument' : conversion from 'float' to 'unsigned int', possible loss of data
         Generating Code...
     1>c:\users\d059264\documents\studium\master\master\projektarbeit\spacepanic\spacepanic\zombiegame\agent.cpp(189): warning C4715: 'Agent::collideWithTile' : not all control paths return a value
       Link:
         C:\Program Files (x86)\Microsoft Visual Studio 12.0\VC\bin\link.exe /ERRORREPORT:PROMPT /OUT:"C:\Users\D059264\Documents\Studium\Master\Master\Projektarbeit\SpacePanic\SpacePanic\Debug\ZombieGame.exe" /INCREMENTAL /NOLOGO SDL2.lib SDL2main.lib SDL2_ttf.lib SDL2_mixer.lib opengl32.lib glew32.lib GameEngine.lib kernel32.lib user32.lib gdi32.lib winspool.lib comdlg32.lib advapi32.lib shell32.lib ole32.lib oleaut32.lib uuid.lib odbc32.lib odbccp32.lib /MANIFEST /MANIFESTUAC:"level='asInvoker' uiAccess='false'" /manifest:embed /DEBUG /PDB:"C:\Users\D059264\Documents\Studium\Master\Master\Projektarbeit\SpacePanic\SpacePanic\Debug\ZombieGame.pdb" /SUBSYSTEM:CONSOLE /TLBID:1 /DYNAMICBASE /NXCOMPAT /IMPLIB:"C:\Users\D059264\Documents\Studium\Master\Master\Projektarbeit\SpacePanic\SpacePanic\Debug\ZombieGame.lib" /MACHINE:X86 Debug\Agent.obj
         Debug\Bullet.obj
         Debug\Gun.obj
         Debug\Human.obj
         Debug\Level.obj
         Debug\main.obj
         Debug\MainGame.obj
         Debug\Player.obj
         Debug\Zombie.obj
     1>LINK : fatal error LNK1104: cannot open file 'SDL2.lib'
     1>Done Building Project "C:\Users\D059264\Documents\Studium\Master\Master\Projektarbeit\SpacePanic\SpacePanic\ZombieGame\ZombieGame.vcxproj" (Build target(s)) -- FAILED.

Build FAILED.

Time Elapsed 00:00:05.68
