c:\users\d059264\documents\studium\master\projektarbeit\spacepanic\spacepanic\gameengine\debug\camera2d.obj
c:\users\d059264\documents\studium\master\projektarbeit\spacepanic\spacepanic\gameengine\debug\errors.obj
c:\users\d059264\documents\studium\master\projektarbeit\spacepanic\spacepanic\gameengine\debug\gameengine.obj
c:\users\d059264\documents\studium\master\projektarbeit\spacepanic\spacepanic\gameengine\debug\glslprogram.obj
c:\users\d059264\documents\studium\master\projektarbeit\spacepanic\spacepanic\gameengine\debug\imageloader.obj
c:\users\d059264\documents\studium\master\projektarbeit\spacepanic\spacepanic\gameengine\debug\iomanager.obj
c:\users\d059264\documents\studium\master\projektarbeit\spacepanic\spacepanic\gameengine\debug\picopng.obj
c:\users\d059264\documents\studium\master\projektarbeit\spacepanic\spacepanic\gameengine\debug\resourcemanager.obj
c:\users\d059264\documents\studium\master\projektarbeit\spacepanic\spacepanic\gameengine\debug\sprite.obj
c:\users\d059264\documents\studium\master\projektarbeit\spacepanic\spacepanic\gameengine\debug\texturecache.obj
c:\users\d059264\documents\studium\master\projektarbeit\spacepanic\spacepanic\gameengine\debug\window.obj
c:\users\d059264\documents\studium\master\projektarbeit\spacepanic\spacepanic\gameengine\debug\vc110.pdb
c:\users\d059264\documents\studium\master\projektarbeit\spacepanic\spacepanic\gameengine\debug\spritebatch.obj
c:\users\d059264\documents\studium\master\projektarbeit\spacepanic\spacepanic\gameengine\debug\inputmanager.obj
c:\users\d059264\documents\studium\master\projektarbeit\spacepanic\spacepanic\gameengine\debug\timing.obj
c:\users\d059264\documents\studium\master\projektarbeit\spacepanic\spacepanic\debug\gameengine.lib
c:\users\d059264\google drive\master\projektarbeit\spacepanic\spacepanic\gameengine\debug\vc120.pdb
c:\users\d059264\google drive\master\projektarbeit\spacepanic\spacepanic\gameengine\debug\vc120.idb
c:\users\d059264\google drive\master\projektarbeit\spacepanic\spacepanic\gameengine\debug\camera2d.obj
c:\users\d059264\google drive\master\projektarbeit\spacepanic\spacepanic\gameengine\debug\errors.obj
c:\users\d059264\google drive\master\projektarbeit\spacepanic\spacepanic\gameengine\debug\gameengine.obj
c:\users\d059264\google drive\master\projektarbeit\spacepanic\spacepanic\gameengine\debug\glslprogram.obj
c:\users\d059264\google drive\master\projektarbeit\spacepanic\spacepanic\gameengine\debug\imageloader.obj
c:\users\d059264\google drive\master\projektarbeit\spacepanic\spacepanic\gameengine\debug\inputmanager.obj
c:\users\d059264\google drive\master\projektarbeit\spacepanic\spacepanic\gameengine\debug\iomanager.obj
c:\users\d059264\google drive\master\projektarbeit\spacepanic\spacepanic\gameengine\debug\picopng.obj
c:\users\d059264\google drive\master\projektarbeit\spacepanic\spacepanic\gameengine\debug\resourcemanager.obj
c:\users\d059264\google drive\master\projektarbeit\spacepanic\spacepanic\gameengine\debug\sprite.obj
c:\users\d059264\google drive\master\projektarbeit\spacepanic\spacepanic\gameengine\debug\spritebatch.obj
c:\users\d059264\google drive\master\projektarbeit\spacepanic\spacepanic\gameengine\debug\texturecache.obj
c:\users\d059264\google drive\master\projektarbeit\spacepanic\spacepanic\gameengine\debug\timing.obj
c:\users\d059264\google drive\master\projektarbeit\spacepanic\spacepanic\gameengine\debug\window.obj
c:\users\d059264\google drive\master\projektarbeit\spacepanic\spacepanic\debug\gameengine.lib
c:\users\d059264\google drive\master\projektarbeit\spacepanic\spacepanic\gameengine\debug\cl.command.1.tlog
c:\users\d059264\google drive\master\projektarbeit\spacepanic\spacepanic\gameengine\debug\cl.read.1.tlog
c:\users\d059264\google drive\master\projektarbeit\spacepanic\spacepanic\gameengine\debug\cl.write.1.tlog
c:\users\d059264\google drive\master\projektarbeit\spacepanic\spacepanic\gameengine\debug\lib-link.read.1.tlog
c:\users\d059264\google drive\master\projektarbeit\spacepanic\spacepanic\gameengine\debug\lib-link.write.1.tlog
c:\users\d059264\google drive\master\projektarbeit\spacepanic\spacepanic\gameengine\debug\lib.command.1.tlog
c:\users\d059264\google drive\master\projektarbeit\spacepanic\spacepanic\gameengine\debug\vc110.idb
c:\users\d059264\google drive\master\projektarbeit\spacepanic\spacepanic\gameengine\debug\vc110.pdb
c:\users\d059264\google drive\master\projektarbeit\spacepanic\spacepanic\gameengine\debug\gameengine.tlog\cl.command.1.tlog
c:\users\d059264\google drive\master\projektarbeit\spacepanic\spacepanic\gameengine\debug\gameengine.tlog\cl.read.1.tlog
c:\users\d059264\google drive\master\projektarbeit\spacepanic\spacepanic\gameengine\debug\gameengine.tlog\cl.write.1.tlog
c:\users\d059264\google drive\master\projektarbeit\spacepanic\spacepanic\gameengine\debug\gameengine.tlog\lib-link.read.1.tlog
c:\users\d059264\google drive\master\projektarbeit\spacepanic\spacepanic\gameengine\debug\gameengine.tlog\lib-link.write.1.tlog
c:\users\d059264\google drive\master\projektarbeit\spacepanic\spacepanic\gameengine\debug\gameengine.tlog\lib.command.1.tlog
