Build started 1/29/2015 4:07:07 PM.
     1>Project "C:\projects\graphicsTutorials\BallGame\BallGame.vcxproj" on node 2 (Build target(s)).
     1>ClCompile:
         C:\Program Files (x86)\Microsoft Visual Studio 12.0\VC\bin\CL.exe /c /ZI /nologo /W3 /WX- /sdl /Od /Oy- /D _MBCS /Gm /EHsc /RTC1 /MDd /GS /fp:precise /Zc:wchar_t /Zc:forScope /Fo"Debug\\" /Fd"Debug\vc120.pdb" /Gd /TP /analyze- /errorReport:prompt MainGame.cpp
         MainGame.cpp
     1>c:\projects\graphicstutorials\ballgame\maingame.cpp(24): warning C4244: 'initializing' : conversion from 'Uint32' to 'float', possible loss of data
     1>c:\projects\graphicstutorials\ballgame\maingame.cpp(32): warning C4244: 'initializing' : conversion from 'Uint32' to 'float', possible loss of data
     1>c:\projects\graphicstutorials\ballgame\maingame.cpp(95): warning C4244: 'argument' : conversion from 'time_t' to 'unsigned int', possible loss of data
     1>c:\projects\graphicstutorials\ballgame\maingame.cpp(96): warning C4244: 'argument' : conversion from 'int' to 'float', possible loss of data
     1>c:\projects\graphicstutorials\ballgame\maingame.cpp(97): warning C4244: 'argument' : conversion from 'int' to 'float', possible loss of data
     1>c:\projects\graphicstutorials\ballgame\maingame.cpp(190): warning C4244: 'argument' : conversion from 'Sint32' to 'float', possible loss of data
     1>c:\program files (x86)\microsoft visual studio 12.0\vc\include\xmemory0(600): warning C4244: 'argument' : conversion from 'int' to 'float', possible loss of data
                 c:\program files (x86)\microsoft visual studio 12.0\vc\include\xmemory0(723) : see reference to function template instantiation 'void std::allocator<_Ty>::construct<_Objty,int,float,glm::vec2&,glm::detail::tvec2<float,0>,GLuint&,const Bengine::ColorRGBA8&>(_Objty *,int &&,float &&,glm::vec2 &,glm::detail::tvec2<float,0> &&,GLuint &,const Bengine::ColorRGBA8 &)' being compiled
                 with
                 [
                     _Ty=Ball
         ,            _Objty=Ball
                 ]
                 c:\program files (x86)\microsoft visual studio 12.0\vc\include\xmemory0(723) : see reference to function template instantiation 'void std::allocator<_Ty>::construct<_Objty,int,float,glm::vec2&,glm::detail::tvec2<float,0>,GLuint&,const Bengine::ColorRGBA8&>(_Objty *,int &&,float &&,glm::vec2 &,glm::detail::tvec2<float,0> &&,GLuint &,const Bengine::ColorRGBA8 &)' being compiled
                 with
                 [
                     _Ty=Ball
         ,            _Objty=Ball
                 ]
                 c:\program files (x86)\microsoft visual studio 12.0\vc\include\xmemory0(872) : see reference to function template instantiation 'void std::allocator_traits<_Alloc>::construct<_Ty,int,float,glm::vec2&,glm::detail::tvec2<float,0>,GLuint&,const Bengine::ColorRGBA8&>(std::allocator<_Ty> &,_Objty *,int &&,float &&,glm::vec2 &,glm::detail::tvec2<float,0> &&,GLuint &,const Bengine::ColorRGBA8 &)' being compiled
                 with
                 [
                     _Alloc=std::allocator<Ball>
         ,            _Ty=Ball
         ,            _Objty=Ball
                 ]
                 c:\program files (x86)\microsoft visual studio 12.0\vc\include\xmemory0(872) : see reference to function template instantiation 'void std::allocator_traits<_Alloc>::construct<_Ty,int,float,glm::vec2&,glm::detail::tvec2<float,0>,GLuint&,const Bengine::ColorRGBA8&>(std::allocator<_Ty> &,_Objty *,int &&,float &&,glm::vec2 &,glm::detail::tvec2<float,0> &&,GLuint &,const Bengine::ColorRGBA8 &)' being compiled
                 with
                 [
                     _Alloc=std::allocator<Ball>
         ,            _Ty=Ball
         ,            _Objty=Ball
                 ]
                 c:\program files (x86)\microsoft visual studio 12.0\vc\include\vector(899) : see reference to function template instantiation 'void std::_Wrap_alloc<std::allocator<_Ty>>::construct<Ball,int,float,glm::vec2&,glm::detail::tvec2<float,0>,GLuint&,const Bengine::ColorRGBA8&>(_Ty *,int &&,float &&,glm::vec2 &,glm::detail::tvec2<float,0> &&,GLuint &,const Bengine::ColorRGBA8 &)' being compiled
                 with
                 [
                     _Ty=Ball
                 ]
                 c:\program files (x86)\microsoft visual studio 12.0\vc\include\vector(899) : see reference to function template instantiation 'void std::_Wrap_alloc<std::allocator<_Ty>>::construct<Ball,int,float,glm::vec2&,glm::detail::tvec2<float,0>,GLuint&,const Bengine::ColorRGBA8&>(_Ty *,int &&,float &&,glm::vec2 &,glm::detail::tvec2<float,0> &&,GLuint &,const Bengine::ColorRGBA8 &)' being compiled
                 with
                 [
                     _Ty=Ball
                 ]
                 c:\projects\graphicstutorials\ballgame\maingame.cpp(121) : see reference to function template instantiation 'void std::vector<Ball,std::allocator<_Ty>>::emplace_back<int,float,glm::vec2&,glm::detail::tvec2<float,0>,GLuint&,const Bengine::ColorRGBA8&>(int &&,float &&,glm::vec2 &,glm::detail::tvec2<float,0> &&,GLuint &,const Bengine::ColorRGBA8 &)' being compiled
                 with
                 [
                     _Ty=Ball
                 ]
                 c:\projects\graphicstutorials\ballgame\maingame.cpp(121) : see reference to function template instantiation 'void std::vector<Ball,std::allocator<_Ty>>::emplace_back<int,float,glm::vec2&,glm::detail::tvec2<float,0>,GLuint&,const Bengine::ColorRGBA8&>(int &&,float &&,glm::vec2 &,glm::detail::tvec2<float,0> &&,GLuint &,const Bengine::ColorRGBA8 &)' being compiled
                 with
                 [
                     _Ty=Ball
                 ]
       Link:
         C:\Program Files (x86)\Microsoft Visual Studio 12.0\VC\bin\link.exe /ERRORREPORT:PROMPT /OUT:"C:\projects\graphicsTutorials\Debug\BallGame.exe" /INCREMENTAL /NOLOGO SDL2.lib SDL2main.lib SDL2_ttf.lib SDL2_mixer.lib opengl32.lib glew32.lib Bengine.lib kernel32.lib user32.lib gdi32.lib winspool.lib comdlg32.lib advapi32.lib shell32.lib ole32.lib oleaut32.lib uuid.lib odbc32.lib odbccp32.lib /MANIFEST /MANIFESTUAC:"level='asInvoker' uiAccess='false'" /manifest:embed /DEBUG /PDB:"C:\projects\graphicsTutorials\Debug\BallGame.pdb" /SUBSYSTEM:CONSOLE /TLBID:1 /DYNAMICBASE /NXCOMPAT /IMPLIB:"C:\projects\graphicsTutorials\Debug\BallGame.lib" /MACHINE:X86 Debug\Ball.obj
         Debug\BallController.obj
         Debug\BallRenderer.obj
         Debug\Main.obj
         Debug\MainGame.obj
         BallGame.vcxproj -> C:\projects\graphicsTutorials\Debug\BallGame.exe
     1>Done Building Project "C:\projects\graphicsTutorials\BallGame\BallGame.vcxproj" (Build target(s)).

Build succeeded.

Time Elapsed 00:00:00.78
