Build started 07.01.2016 03:52:33.
     1>Project "C:\Users\D059264\Google Drive\Master\Projektarbeit\SpacePanic\SpacePanic\BallGame\BallGame.vcxproj" on node 2 (Build target(s)).
     1>ClCompile:
         C:\Program Files (x86)\Microsoft Visual Studio 12.0\VC\bin\CL.exe /c /Zi /nologo /W3 /WX- /sdl /O2 /Oi /Oy- /GL /D _MBCS /Gm- /EHsc /MD /GS /Gy /fp:precise /Zc:wchar_t /Zc:forScope /Fo"Release\\" /Fd"Release\vc120.pdb" /Gd /TP /analyze- /errorReport:prompt Main.cpp MainGame.cpp
         Main.cpp
         MainGame.cpp
     1>c:\users\d059264\google drive\master\projektarbeit\spacepanic\spacepanic\gameengine\GLTexture.h(6): warning C4099: 'GameEngine::GLTexture' : type name first seen using 'class' now seen using 'struct'
                 C:\Users\D059264\Google Drive\Master\Projektarbeit\SpacePanic\SpacePanic\GameEngine/SpriteFont.h(36) : see declaration of 'GameEngine::GLTexture'
     1>MainGame.cpp(315): warning C4018: '>=' : signed/unsigned mismatch
       Link:
         C:\Program Files (x86)\Microsoft Visual Studio 12.0\VC\bin\link.exe /ERRORREPORT:PROMPT /OUT:"C:\Users\D059264\Google Drive\Master\Projektarbeit\SpacePanic\SpacePanic\Release\BallGame.exe" /NOLOGO SDL2.lib SDL2main.lib SDL2_ttf.lib SDL2_mixer.lib opengl32.lib glew32.lib GameEngine.lib kernel32.lib user32.lib gdi32.lib winspool.lib comdlg32.lib advapi32.lib shell32.lib ole32.lib oleaut32.lib uuid.lib odbc32.lib odbccp32.lib /MANIFEST /MANIFESTUAC:"level='asInvoker' uiAccess='false'" /manifest:embed /DEBUG /PDB:"C:\Users\D059264\Google Drive\Master\Projektarbeit\SpacePanic\SpacePanic\Release\BallGame.pdb" /SUBSYSTEM:CONSOLE /OPT:REF /OPT:ICF /LTCG /TLBID:1 /DYNAMICBASE /NXCOMPAT /IMPLIB:"C:\Users\D059264\Google Drive\Master\Projektarbeit\SpacePanic\SpacePanic\Release\BallGame.lib" /MACHINE:X86 /SAFESEH Release\Ball.obj
         Release\BallController.obj
         Release\BallRenderer.obj
         Release\ChangeColorBallController.obj
         Release\Grid.obj
         Release\Main.obj
         Release\MainGame.obj
         Generating code
         Finished generating code
         BallGame.vcxproj -> C:\Users\D059264\Google Drive\Master\Projektarbeit\SpacePanic\SpacePanic\Release\BallGame.exe
     1>Done Building Project "C:\Users\D059264\Google Drive\Master\Projektarbeit\SpacePanic\SpacePanic\BallGame\BallGame.vcxproj" (Build target(s)).

Build succeeded.

Time Elapsed 00:00:02.93
