Build started 17.01.2016 22:53:48.
     1>Project "C:\Users\D059264\Documents\Studium\Master\Master\Projektarbeit\SpacePanic\SpacePanic\SpacePanic\SpacePanic.vcxproj" on node 2 (Build target(s)).
     1>ClCompile:
         C:\Program Files (x86)\Microsoft Visual Studio 12.0\VC\bin\CL.exe /c /Zi /nologo /W3 /WX- /sdl /O2 /Oi /Oy- /GL /D _MBCS /Gm- /EHsc /MD /GS /Gy /fp:precise /Zc:wchar_t /Zc:forScope /Fo"Release\\" /Fd"Release\vc120.pdb" /Gd /TP /analyze- /errorReport:prompt Agent.cpp
         Agent.cpp
     1>Agent.cpp(68): warning C4018: '<' : signed/unsigned mismatch
     1>Agent.cpp(144): warning C4244: 'argument' : conversion from 'float' to 'unsigned int', possible loss of data
       Link:
         C:\Program Files (x86)\Microsoft Visual Studio 12.0\VC\bin\link.exe /ERRORREPORT:PROMPT /OUT:"C:\Users\D059264\Documents\Studium\Master\Master\Projektarbeit\SpacePanic\SpacePanic\Release\SpacePanic.exe" /NOLOGO SDL2.lib SDL2main.lib SDL2_ttf.lib SDL2_mixer.lib opengl32.lib glew32.lib GameEngine.lib Box2D.lib kernel32.lib user32.lib gdi32.lib winspool.lib comdlg32.lib advapi32.lib shell32.lib ole32.lib oleaut32.lib uuid.lib odbc32.lib odbccp32.lib /MANIFEST /MANIFESTUAC:"level='asInvoker' uiAccess='false'" /manifest:embed /DEBUG /PDB:"C:\Users\D059264\Documents\Studium\Master\Master\Projektarbeit\SpacePanic\SpacePanic\Release\SpacePanic.pdb" /SUBSYSTEM:CONSOLE /OPT:REF /OPT:ICF /LTCG /TLBID:1 /DYNAMICBASE /NXCOMPAT /IMPLIB:"C:\Users\D059264\Documents\Studium\Master\Master\Projektarbeit\SpacePanic\SpacePanic\Release\SpacePanic.lib" /MACHINE:X86 /SAFESEH Release\Agent.obj
         Release\App.obj
         Release\Box.obj
         Release\GameplayScreen.obj
         Release\Level.obj
         Release\Main.obj
         Release\Monster.obj
         Release\Player.obj
         Generating code
         Finished generating code
         SpacePanic.vcxproj -> C:\Users\D059264\Documents\Studium\Master\Master\Projektarbeit\SpacePanic\SpacePanic\Release\SpacePanic.exe
     1>Done Building Project "C:\Users\D059264\Documents\Studium\Master\Master\Projektarbeit\SpacePanic\SpacePanic\SpacePanic\SpacePanic.vcxproj" (Build target(s)).

Build succeeded.

Time Elapsed 00:00:02.30
