Build started 28.12.2015 00:44:25.
     1>Project "C:\Users\D059264\Google Drive\Master\Projektarbeit\SpacePanic\SpacePanic\Graphics\Graphics.vcxproj" on node 2 (Rebuild target(s)).
     1>C:\Program Files (x86)\MSBuild\Microsoft.Cpp\v4.0\V120\Microsoft.CppBuild.targets(388,5): warning MSB8028: The intermediate directory (Debug\) contains files shared from another project (Graphics.vcxproj).  This can lead to incorrect clean and rebuild behavior.
     1>ClCompile:
         C:\Program Files (x86)\Microsoft Visual Studio 12.0\VC\bin\CL.exe /c /ZI /nologo /W3 /WX- /sdl /Od /Oy- /D _MBCS /Gm /EHsc /RTC1 /MDd /GS /fp:precise /Zc:wchar_t /Zc:forScope /Fo"Debug\\" /Fd"Debug\vc120.pdb" /Gd /TP /analyze- /errorReport:prompt Bullet.cpp main.cpp MainGame.cpp
         MainGame.cpp
     1>c:\users\d059264\google drive\master\projektarbeit\spacepanic\spacepanic\graphics\maingame.cpp(67): warning C4305: '+=' : truncation from 'double' to 'float'
     1>c:\users\d059264\google drive\master\projektarbeit\spacepanic\spacepanic\graphics\maingame.cpp(104): warning C4805: '==' : unsafe mix of type 'int' and type 'bool' in operation
     1>c:\users\d059264\google drive\master\projektarbeit\spacepanic\spacepanic\graphics\maingame.cpp(110): warning C4244: 'argument' : conversion from 'Sint32' to 'float', possible loss of data
         main.cpp
         Bullet.cpp
         Generating Code...
       Link:
         C:\Program Files (x86)\Microsoft Visual Studio 12.0\VC\bin\link.exe /ERRORREPORT:PROMPT /OUT:"C:\Users\D059264\Google Drive\Master\Projektarbeit\SpacePanic\SpacePanic\Debug\TheGame.exe" /INCREMENTAL /NOLOGO SDL2.lib SDL2main.lib opengl32.lib glew32.lib GameEngine.lib kernel32.lib user32.lib gdi32.lib winspool.lib comdlg32.lib advapi32.lib shell32.lib ole32.lib oleaut32.lib uuid.lib odbc32.lib odbccp32.lib /MANIFEST /MANIFESTUAC:"level='asInvoker' uiAccess='false'" /manifest:embed /DEBUG /PDB:"C:\Users\D059264\Google Drive\Master\Projektarbeit\SpacePanic\SpacePanic\Debug\TheGame.pdb" /SUBSYSTEM:CONSOLE /TLBID:1 /DYNAMICBASE /NXCOMPAT /IMPLIB:"C:\Users\D059264\Google Drive\Master\Projektarbeit\SpacePanic\SpacePanic\Debug\TheGame.lib" /MACHINE:X86 Debug\Bullet.obj
         Debug\main.obj
         Debug\MainGame.obj
     1>MSVCRTD.lib(cinitexe.obj) : warning LNK4098: defaultlib 'msvcrt.lib' conflicts with use of other libs; use /NODEFAULTLIB:library
         Graphics.vcxproj -> C:\Users\D059264\Google Drive\Master\Projektarbeit\SpacePanic\SpacePanic\Debug\TheGame.exe
     1>Done Building Project "C:\Users\D059264\Google Drive\Master\Projektarbeit\SpacePanic\SpacePanic\Graphics\Graphics.vcxproj" (Rebuild target(s)).

Build succeeded.

Time Elapsed 00:00:04.01
