c:\users\d059264\documents\visual studio 2012\projects\graphics\graphics\debug\main.obj
c:\users\d059264\documents\visual studio 2012\projects\graphics\graphics\debug\vc110.pdb
c:\users\d059264\documents\visual studio 2012\projects\graphics\graphics\debug\maingame.obj
c:\users\d059264\documents\studium\master\projektarbeit\spacepanic\spacepanic\graphics\debug\main.obj
c:\users\d059264\documents\studium\master\projektarbeit\spacepanic\spacepanic\graphics\debug\maingame.obj
c:\users\d059264\documents\studium\master\projektarbeit\spacepanic\spacepanic\graphics\debug\vc110.pdb
c:\users\d059264\documents\studium\master\projektarbeit\spacepanic\spacepanic\graphics\debug\sprite.obj
c:\users\d059264\documents\studium\master\projektarbeit\spacepanic\spacepanic\graphics\debug\glslprogram.obj
c:\users\d059264\documents\studium\master\projektarbeit\spacepanic\spacepanic\graphics\debug\errors.obj
c:\users\d059264\documents\studium\master\projektarbeit\spacepanic\spacepanic\graphics\debug\imageloader.obj
c:\users\d059264\documents\studium\master\projektarbeit\spacepanic\spacepanic\graphics\debug\iomanager.obj
c:\users\d059264\documents\studium\master\projektarbeit\spacepanic\spacepanic\graphics\debug\picopng.obj
c:\users\d059264\documents\studium\master\projektarbeit\spacepanic\spacepanic\graphics\debug\source.obj
c:\users\d059264\documents\studium\master\projektarbeit\spacepanic\spacepanic\graphics\debug\resourcemanager.obj
c:\users\d059264\documents\studium\master\projektarbeit\spacepanic\spacepanic\graphics\debug\texturecache.obj
c:\users\d059264\documents\visual studio 2012\projects\graphics\debug\graphics.ilk
c:\users\d059264\documents\visual studio 2012\projects\graphics\debug\graphics.exe
c:\users\d059264\documents\visual studio 2012\projects\graphics\debug\graphics.pdb
c:\users\d059264\documents\studium\master\projektarbeit\spacepanic\spacepanic\debug\graphics.ilk
c:\users\d059264\documents\studium\master\projektarbeit\spacepanic\spacepanic\debug\graphics.exe
c:\users\d059264\documents\studium\master\projektarbeit\spacepanic\spacepanic\debug\graphics.pdb
c:\users\d059264\google drive\master\projektarbeit\spacepanic\spacepanic\graphics\debug\vc120.pdb
c:\users\d059264\google drive\master\projektarbeit\spacepanic\spacepanic\graphics\debug\vc120.idb
c:\users\d059264\google drive\master\projektarbeit\spacepanic\spacepanic\graphics\debug\bullet.obj
c:\users\d059264\google drive\master\projektarbeit\spacepanic\spacepanic\graphics\debug\main.obj
c:\users\d059264\google drive\master\projektarbeit\spacepanic\spacepanic\graphics\debug\maingame.obj
c:\users\d059264\google drive\master\projektarbeit\spacepanic\spacepanic\debug\thegame.ilk
c:\users\d059264\google drive\master\projektarbeit\spacepanic\spacepanic\debug\thegame.exe
c:\users\d059264\google drive\master\projektarbeit\spacepanic\spacepanic\debug\thegame.pdb
c:\users\d059264\google drive\master\projektarbeit\spacepanic\spacepanic\graphics\debug\errors.obj
c:\users\d059264\google drive\master\projektarbeit\spacepanic\spacepanic\graphics\debug\glslprogram.obj
c:\users\d059264\google drive\master\projektarbeit\spacepanic\spacepanic\graphics\debug\imageloader.obj
c:\users\d059264\google drive\master\projektarbeit\spacepanic\spacepanic\graphics\debug\iomanager.obj
c:\users\d059264\google drive\master\projektarbeit\spacepanic\spacepanic\graphics\debug\picopng.obj
c:\users\d059264\google drive\master\projektarbeit\spacepanic\spacepanic\graphics\debug\resourcemanager.obj
c:\users\d059264\google drive\master\projektarbeit\spacepanic\spacepanic\graphics\debug\source.obj
c:\users\d059264\google drive\master\projektarbeit\spacepanic\spacepanic\graphics\debug\sprite.obj
c:\users\d059264\google drive\master\projektarbeit\spacepanic\spacepanic\graphics\debug\texturecache.obj
c:\users\d059264\google drive\master\projektarbeit\spacepanic\spacepanic\graphics\debug\cl.command.1.tlog
c:\users\d059264\google drive\master\projektarbeit\spacepanic\spacepanic\graphics\debug\cl.read.1.tlog
c:\users\d059264\google drive\master\projektarbeit\spacepanic\spacepanic\graphics\debug\cl.write.1.tlog
c:\users\d059264\google drive\master\projektarbeit\spacepanic\spacepanic\graphics\debug\link-cvtres.read.1.tlog
c:\users\d059264\google drive\master\projektarbeit\spacepanic\spacepanic\graphics\debug\link-cvtres.write.1.tlog
c:\users\d059264\google drive\master\projektarbeit\spacepanic\spacepanic\graphics\debug\link-rc.read.1.tlog
c:\users\d059264\google drive\master\projektarbeit\spacepanic\spacepanic\graphics\debug\link-rc.write.1.tlog
c:\users\d059264\google drive\master\projektarbeit\spacepanic\spacepanic\graphics\debug\link.11508-cvtres.read.1.tlog
c:\users\d059264\google drive\master\projektarbeit\spacepanic\spacepanic\graphics\debug\link.11508-cvtres.write.1.tlog
c:\users\d059264\google drive\master\projektarbeit\spacepanic\spacepanic\graphics\debug\link.11508-rc.read.1.tlog
c:\users\d059264\google drive\master\projektarbeit\spacepanic\spacepanic\graphics\debug\link.11508-rc.write.1.tlog
c:\users\d059264\google drive\master\projektarbeit\spacepanic\spacepanic\graphics\debug\link.11508.read.1.tlog
c:\users\d059264\google drive\master\projektarbeit\spacepanic\spacepanic\graphics\debug\link.11508.write.1.tlog
c:\users\d059264\google drive\master\projektarbeit\spacepanic\spacepanic\graphics\debug\link.11980-cvtres.read.1.tlog
c:\users\d059264\google drive\master\projektarbeit\spacepanic\spacepanic\graphics\debug\link.11980-cvtres.write.1.tlog
c:\users\d059264\google drive\master\projektarbeit\spacepanic\spacepanic\graphics\debug\link.11980-rc.read.1.tlog
c:\users\d059264\google drive\master\projektarbeit\spacepanic\spacepanic\graphics\debug\link.11980-rc.write.1.tlog
c:\users\d059264\google drive\master\projektarbeit\spacepanic\spacepanic\graphics\debug\link.11980.read.1.tlog
c:\users\d059264\google drive\master\projektarbeit\spacepanic\spacepanic\graphics\debug\link.11980.write.1.tlog
c:\users\d059264\google drive\master\projektarbeit\spacepanic\spacepanic\graphics\debug\link.12108-cvtres.read.1.tlog
c:\users\d059264\google drive\master\projektarbeit\spacepanic\spacepanic\graphics\debug\link.12108-cvtres.write.1.tlog
c:\users\d059264\google drive\master\projektarbeit\spacepanic\spacepanic\graphics\debug\link.12108-rc.read.1.tlog
c:\users\d059264\google drive\master\projektarbeit\spacepanic\spacepanic\graphics\debug\link.12108-rc.write.1.tlog
c:\users\d059264\google drive\master\projektarbeit\spacepanic\spacepanic\graphics\debug\link.12108.read.1.tlog
c:\users\d059264\google drive\master\projektarbeit\spacepanic\spacepanic\graphics\debug\link.12108.write.1.tlog
c:\users\d059264\google drive\master\projektarbeit\spacepanic\spacepanic\graphics\debug\link.12464-cvtres.read.1.tlog
c:\users\d059264\google drive\master\projektarbeit\spacepanic\spacepanic\graphics\debug\link.12464-cvtres.write.1.tlog
c:\users\d059264\google drive\master\projektarbeit\spacepanic\spacepanic\graphics\debug\link.12464-rc.read.1.tlog
c:\users\d059264\google drive\master\projektarbeit\spacepanic\spacepanic\graphics\debug\link.12464-rc.write.1.tlog
c:\users\d059264\google drive\master\projektarbeit\spacepanic\spacepanic\graphics\debug\link.12464.read.1.tlog
c:\users\d059264\google drive\master\projektarbeit\spacepanic\spacepanic\graphics\debug\link.12464.write.1.tlog
c:\users\d059264\google drive\master\projektarbeit\spacepanic\spacepanic\graphics\debug\link.12552-cvtres.read.1.tlog
c:\users\d059264\google drive\master\projektarbeit\spacepanic\spacepanic\graphics\debug\link.12552-cvtres.write.1.tlog
c:\users\d059264\google drive\master\projektarbeit\spacepanic\spacepanic\graphics\debug\link.12552-rc.read.1.tlog
c:\users\d059264\google drive\master\projektarbeit\spacepanic\spacepanic\graphics\debug\link.12552-rc.write.1.tlog
c:\users\d059264\google drive\master\projektarbeit\spacepanic\spacepanic\graphics\debug\link.12552.read.1.tlog
c:\users\d059264\google drive\master\projektarbeit\spacepanic\spacepanic\graphics\debug\link.12552.write.1.tlog
c:\users\d059264\google drive\master\projektarbeit\spacepanic\spacepanic\graphics\debug\link.12752-cvtres.read.1.tlog
c:\users\d059264\google drive\master\projektarbeit\spacepanic\spacepanic\graphics\debug\link.12752-cvtres.write.1.tlog
c:\users\d059264\google drive\master\projektarbeit\spacepanic\spacepanic\graphics\debug\link.12752-rc.read.1.tlog
c:\users\d059264\google drive\master\projektarbeit\spacepanic\spacepanic\graphics\debug\link.12752-rc.write.1.tlog
c:\users\d059264\google drive\master\projektarbeit\spacepanic\spacepanic\graphics\debug\link.12752.read.1.tlog
c:\users\d059264\google drive\master\projektarbeit\spacepanic\spacepanic\graphics\debug\link.12752.write.1.tlog
c:\users\d059264\google drive\master\projektarbeit\spacepanic\spacepanic\graphics\debug\link.12920-cvtres.read.1.tlog
c:\users\d059264\google drive\master\projektarbeit\spacepanic\spacepanic\graphics\debug\link.12920-cvtres.write.1.tlog
c:\users\d059264\google drive\master\projektarbeit\spacepanic\spacepanic\graphics\debug\link.12920-rc.read.1.tlog
c:\users\d059264\google drive\master\projektarbeit\spacepanic\spacepanic\graphics\debug\link.12920-rc.write.1.tlog
c:\users\d059264\google drive\master\projektarbeit\spacepanic\spacepanic\graphics\debug\link.12920.read.1.tlog
c:\users\d059264\google drive\master\projektarbeit\spacepanic\spacepanic\graphics\debug\link.12920.write.1.tlog
c:\users\d059264\google drive\master\projektarbeit\spacepanic\spacepanic\graphics\debug\link.14164-cvtres.read.1.tlog
c:\users\d059264\google drive\master\projektarbeit\spacepanic\spacepanic\graphics\debug\link.14164-cvtres.write.1.tlog
c:\users\d059264\google drive\master\projektarbeit\spacepanic\spacepanic\graphics\debug\link.14164-rc.read.1.tlog
c:\users\d059264\google drive\master\projektarbeit\spacepanic\spacepanic\graphics\debug\link.14164-rc.write.1.tlog
c:\users\d059264\google drive\master\projektarbeit\spacepanic\spacepanic\graphics\debug\link.14164.read.1.tlog
c:\users\d059264\google drive\master\projektarbeit\spacepanic\spacepanic\graphics\debug\link.14164.write.1.tlog
c:\users\d059264\google drive\master\projektarbeit\spacepanic\spacepanic\graphics\debug\link.14264-cvtres.read.1.tlog
c:\users\d059264\google drive\master\projektarbeit\spacepanic\spacepanic\graphics\debug\link.14264-cvtres.write.1.tlog
c:\users\d059264\google drive\master\projektarbeit\spacepanic\spacepanic\graphics\debug\link.14264-rc.read.1.tlog
c:\users\d059264\google drive\master\projektarbeit\spacepanic\spacepanic\graphics\debug\link.14264-rc.write.1.tlog
c:\users\d059264\google drive\master\projektarbeit\spacepanic\spacepanic\graphics\debug\link.14264.read.1.tlog
c:\users\d059264\google drive\master\projektarbeit\spacepanic\spacepanic\graphics\debug\link.14264.write.1.tlog
c:\users\d059264\google drive\master\projektarbeit\spacepanic\spacepanic\graphics\debug\link.15208-cvtres.read.1.tlog
c:\users\d059264\google drive\master\projektarbeit\spacepanic\spacepanic\graphics\debug\link.15208-cvtres.write.1.tlog
c:\users\d059264\google drive\master\projektarbeit\spacepanic\spacepanic\graphics\debug\link.15208-rc.read.1.tlog
c:\users\d059264\google drive\master\projektarbeit\spacepanic\spacepanic\graphics\debug\link.15208-rc.write.1.tlog
c:\users\d059264\google drive\master\projektarbeit\spacepanic\spacepanic\graphics\debug\link.15208.read.1.tlog
c:\users\d059264\google drive\master\projektarbeit\spacepanic\spacepanic\graphics\debug\link.15208.write.1.tlog
c:\users\d059264\google drive\master\projektarbeit\spacepanic\spacepanic\graphics\debug\link.15340-cvtres.read.1.tlog
c:\users\d059264\google drive\master\projektarbeit\spacepanic\spacepanic\graphics\debug\link.15340-cvtres.write.1.tlog
c:\users\d059264\google drive\master\projektarbeit\spacepanic\spacepanic\graphics\debug\link.15340-rc.read.1.tlog
c:\users\d059264\google drive\master\projektarbeit\spacepanic\spacepanic\graphics\debug\link.15340-rc.write.1.tlog
c:\users\d059264\google drive\master\projektarbeit\spacepanic\spacepanic\graphics\debug\link.15340.read.1.tlog
c:\users\d059264\google drive\master\projektarbeit\spacepanic\spacepanic\graphics\debug\link.15340.write.1.tlog
c:\users\d059264\google drive\master\projektarbeit\spacepanic\spacepanic\graphics\debug\link.16072-cvtres.read.1.tlog
c:\users\d059264\google drive\master\projektarbeit\spacepanic\spacepanic\graphics\debug\link.16072-cvtres.write.1.tlog
c:\users\d059264\google drive\master\projektarbeit\spacepanic\spacepanic\graphics\debug\link.16072-rc.read.1.tlog
c:\users\d059264\google drive\master\projektarbeit\spacepanic\spacepanic\graphics\debug\link.16072-rc.write.1.tlog
c:\users\d059264\google drive\master\projektarbeit\spacepanic\spacepanic\graphics\debug\link.16072.read.1.tlog
c:\users\d059264\google drive\master\projektarbeit\spacepanic\spacepanic\graphics\debug\link.16072.write.1.tlog
c:\users\d059264\google drive\master\projektarbeit\spacepanic\spacepanic\graphics\debug\link.16928-cvtres.read.1.tlog
c:\users\d059264\google drive\master\projektarbeit\spacepanic\spacepanic\graphics\debug\link.16928-cvtres.write.1.tlog
c:\users\d059264\google drive\master\projektarbeit\spacepanic\spacepanic\graphics\debug\link.16928-rc.read.1.tlog
c:\users\d059264\google drive\master\projektarbeit\spacepanic\spacepanic\graphics\debug\link.16928-rc.write.1.tlog
c:\users\d059264\google drive\master\projektarbeit\spacepanic\spacepanic\graphics\debug\link.16928.read.1.tlog
c:\users\d059264\google drive\master\projektarbeit\spacepanic\spacepanic\graphics\debug\link.16928.write.1.tlog
c:\users\d059264\google drive\master\projektarbeit\spacepanic\spacepanic\graphics\debug\link.16932-cvtres.read.1.tlog
c:\users\d059264\google drive\master\projektarbeit\spacepanic\spacepanic\graphics\debug\link.16932-cvtres.write.1.tlog
c:\users\d059264\google drive\master\projektarbeit\spacepanic\spacepanic\graphics\debug\link.16932-rc.read.1.tlog
c:\users\d059264\google drive\master\projektarbeit\spacepanic\spacepanic\graphics\debug\link.16932-rc.write.1.tlog
c:\users\d059264\google drive\master\projektarbeit\spacepanic\spacepanic\graphics\debug\link.16932.read.1.tlog
c:\users\d059264\google drive\master\projektarbeit\spacepanic\spacepanic\graphics\debug\link.16932.write.1.tlog
c:\users\d059264\google drive\master\projektarbeit\spacepanic\spacepanic\graphics\debug\link.1748-cvtres.read.1.tlog
c:\users\d059264\google drive\master\projektarbeit\spacepanic\spacepanic\graphics\debug\link.1748-cvtres.write.1.tlog
c:\users\d059264\google drive\master\projektarbeit\spacepanic\spacepanic\graphics\debug\link.1748-rc.read.1.tlog
c:\users\d059264\google drive\master\projektarbeit\spacepanic\spacepanic\graphics\debug\link.1748-rc.write.1.tlog
c:\users\d059264\google drive\master\projektarbeit\spacepanic\spacepanic\graphics\debug\link.1748.read.1.tlog
c:\users\d059264\google drive\master\projektarbeit\spacepanic\spacepanic\graphics\debug\link.1748.write.1.tlog
c:\users\d059264\google drive\master\projektarbeit\spacepanic\spacepanic\graphics\debug\link.2532-cvtres.read.1.tlog
c:\users\d059264\google drive\master\projektarbeit\spacepanic\spacepanic\graphics\debug\link.2532-cvtres.write.1.tlog
c:\users\d059264\google drive\master\projektarbeit\spacepanic\spacepanic\graphics\debug\link.2532-rc.read.1.tlog
c:\users\d059264\google drive\master\projektarbeit\spacepanic\spacepanic\graphics\debug\link.2532-rc.write.1.tlog
c:\users\d059264\google drive\master\projektarbeit\spacepanic\spacepanic\graphics\debug\link.2532.read.1.tlog
c:\users\d059264\google drive\master\projektarbeit\spacepanic\spacepanic\graphics\debug\link.2532.write.1.tlog
c:\users\d059264\google drive\master\projektarbeit\spacepanic\spacepanic\graphics\debug\link.3404-cvtres.read.1.tlog
c:\users\d059264\google drive\master\projektarbeit\spacepanic\spacepanic\graphics\debug\link.3404-cvtres.write.1.tlog
c:\users\d059264\google drive\master\projektarbeit\spacepanic\spacepanic\graphics\debug\link.3404-rc.read.1.tlog
c:\users\d059264\google drive\master\projektarbeit\spacepanic\spacepanic\graphics\debug\link.3404-rc.write.1.tlog
c:\users\d059264\google drive\master\projektarbeit\spacepanic\spacepanic\graphics\debug\link.3404.read.1.tlog
c:\users\d059264\google drive\master\projektarbeit\spacepanic\spacepanic\graphics\debug\link.3404.write.1.tlog
c:\users\d059264\google drive\master\projektarbeit\spacepanic\spacepanic\graphics\debug\link.3452-cvtres.read.1.tlog
c:\users\d059264\google drive\master\projektarbeit\spacepanic\spacepanic\graphics\debug\link.3452-cvtres.write.1.tlog
c:\users\d059264\google drive\master\projektarbeit\spacepanic\spacepanic\graphics\debug\link.3452-rc.read.1.tlog
c:\users\d059264\google drive\master\projektarbeit\spacepanic\spacepanic\graphics\debug\link.3452-rc.write.1.tlog
c:\users\d059264\google drive\master\projektarbeit\spacepanic\spacepanic\graphics\debug\link.3452.read.1.tlog
c:\users\d059264\google drive\master\projektarbeit\spacepanic\spacepanic\graphics\debug\link.3452.write.1.tlog
c:\users\d059264\google drive\master\projektarbeit\spacepanic\spacepanic\graphics\debug\link.4564-cvtres.read.1.tlog
c:\users\d059264\google drive\master\projektarbeit\spacepanic\spacepanic\graphics\debug\link.4564-cvtres.write.1.tlog
c:\users\d059264\google drive\master\projektarbeit\spacepanic\spacepanic\graphics\debug\link.4564-rc.read.1.tlog
c:\users\d059264\google drive\master\projektarbeit\spacepanic\spacepanic\graphics\debug\link.4564-rc.write.1.tlog
c:\users\d059264\google drive\master\projektarbeit\spacepanic\spacepanic\graphics\debug\link.4564.read.1.tlog
c:\users\d059264\google drive\master\projektarbeit\spacepanic\spacepanic\graphics\debug\link.4564.write.1.tlog
c:\users\d059264\google drive\master\projektarbeit\spacepanic\spacepanic\graphics\debug\link.6848-cvtres.read.1.tlog
c:\users\d059264\google drive\master\projektarbeit\spacepanic\spacepanic\graphics\debug\link.6848-cvtres.write.1.tlog
c:\users\d059264\google drive\master\projektarbeit\spacepanic\spacepanic\graphics\debug\link.6848-rc.read.1.tlog
c:\users\d059264\google drive\master\projektarbeit\spacepanic\spacepanic\graphics\debug\link.6848-rc.write.1.tlog
c:\users\d059264\google drive\master\projektarbeit\spacepanic\spacepanic\graphics\debug\link.6848.read.1.tlog
c:\users\d059264\google drive\master\projektarbeit\spacepanic\spacepanic\graphics\debug\link.6848.write.1.tlog
c:\users\d059264\google drive\master\projektarbeit\spacepanic\spacepanic\graphics\debug\link.6924-cvtres.read.1.tlog
c:\users\d059264\google drive\master\projektarbeit\spacepanic\spacepanic\graphics\debug\link.6924-cvtres.write.1.tlog
c:\users\d059264\google drive\master\projektarbeit\spacepanic\spacepanic\graphics\debug\link.6924-rc.read.1.tlog
c:\users\d059264\google drive\master\projektarbeit\spacepanic\spacepanic\graphics\debug\link.6924-rc.write.1.tlog
c:\users\d059264\google drive\master\projektarbeit\spacepanic\spacepanic\graphics\debug\link.6924.read.1.tlog
c:\users\d059264\google drive\master\projektarbeit\spacepanic\spacepanic\graphics\debug\link.6924.write.1.tlog
c:\users\d059264\google drive\master\projektarbeit\spacepanic\spacepanic\graphics\debug\link.7540-cvtres.read.1.tlog
c:\users\d059264\google drive\master\projektarbeit\spacepanic\spacepanic\graphics\debug\link.7540-cvtres.write.1.tlog
c:\users\d059264\google drive\master\projektarbeit\spacepanic\spacepanic\graphics\debug\link.7540-rc.read.1.tlog
c:\users\d059264\google drive\master\projektarbeit\spacepanic\spacepanic\graphics\debug\link.7540-rc.write.1.tlog
c:\users\d059264\google drive\master\projektarbeit\spacepanic\spacepanic\graphics\debug\link.7540.read.1.tlog
c:\users\d059264\google drive\master\projektarbeit\spacepanic\spacepanic\graphics\debug\link.7540.write.1.tlog
c:\users\d059264\google drive\master\projektarbeit\spacepanic\spacepanic\graphics\debug\link.8268-cvtres.read.1.tlog
c:\users\d059264\google drive\master\projektarbeit\spacepanic\spacepanic\graphics\debug\link.8268-cvtres.write.1.tlog
c:\users\d059264\google drive\master\projektarbeit\spacepanic\spacepanic\graphics\debug\link.8268-rc.read.1.tlog
c:\users\d059264\google drive\master\projektarbeit\spacepanic\spacepanic\graphics\debug\link.8268-rc.write.1.tlog
c:\users\d059264\google drive\master\projektarbeit\spacepanic\spacepanic\graphics\debug\link.8268.read.1.tlog
c:\users\d059264\google drive\master\projektarbeit\spacepanic\spacepanic\graphics\debug\link.8268.write.1.tlog
c:\users\d059264\google drive\master\projektarbeit\spacepanic\spacepanic\graphics\debug\link.8324-cvtres.read.1.tlog
c:\users\d059264\google drive\master\projektarbeit\spacepanic\spacepanic\graphics\debug\link.8324-cvtres.write.1.tlog
c:\users\d059264\google drive\master\projektarbeit\spacepanic\spacepanic\graphics\debug\link.8324-rc.read.1.tlog
c:\users\d059264\google drive\master\projektarbeit\spacepanic\spacepanic\graphics\debug\link.8324-rc.write.1.tlog
c:\users\d059264\google drive\master\projektarbeit\spacepanic\spacepanic\graphics\debug\link.8324.read.1.tlog
c:\users\d059264\google drive\master\projektarbeit\spacepanic\spacepanic\graphics\debug\link.8324.write.1.tlog
c:\users\d059264\google drive\master\projektarbeit\spacepanic\spacepanic\graphics\debug\link.9032-cvtres.read.1.tlog
c:\users\d059264\google drive\master\projektarbeit\spacepanic\spacepanic\graphics\debug\link.9032-cvtres.write.1.tlog
c:\users\d059264\google drive\master\projektarbeit\spacepanic\spacepanic\graphics\debug\link.9032-rc.read.1.tlog
c:\users\d059264\google drive\master\projektarbeit\spacepanic\spacepanic\graphics\debug\link.9032-rc.write.1.tlog
c:\users\d059264\google drive\master\projektarbeit\spacepanic\spacepanic\graphics\debug\link.9032.read.1.tlog
c:\users\d059264\google drive\master\projektarbeit\spacepanic\spacepanic\graphics\debug\link.9032.write.1.tlog
c:\users\d059264\google drive\master\projektarbeit\spacepanic\spacepanic\graphics\debug\link.9072-cvtres.read.1.tlog
c:\users\d059264\google drive\master\projektarbeit\spacepanic\spacepanic\graphics\debug\link.9072-cvtres.write.1.tlog
c:\users\d059264\google drive\master\projektarbeit\spacepanic\spacepanic\graphics\debug\link.9072-rc.read.1.tlog
c:\users\d059264\google drive\master\projektarbeit\spacepanic\spacepanic\graphics\debug\link.9072-rc.write.1.tlog
c:\users\d059264\google drive\master\projektarbeit\spacepanic\spacepanic\graphics\debug\link.9072.read.1.tlog
c:\users\d059264\google drive\master\projektarbeit\spacepanic\spacepanic\graphics\debug\link.9072.write.1.tlog
c:\users\d059264\google drive\master\projektarbeit\spacepanic\spacepanic\graphics\debug\link.9924-cvtres.read.1.tlog
c:\users\d059264\google drive\master\projektarbeit\spacepanic\spacepanic\graphics\debug\link.9924-cvtres.write.1.tlog
c:\users\d059264\google drive\master\projektarbeit\spacepanic\spacepanic\graphics\debug\link.9924-rc.read.1.tlog
c:\users\d059264\google drive\master\projektarbeit\spacepanic\spacepanic\graphics\debug\link.9924-rc.write.1.tlog
c:\users\d059264\google drive\master\projektarbeit\spacepanic\spacepanic\graphics\debug\link.9924.read.1.tlog
c:\users\d059264\google drive\master\projektarbeit\spacepanic\spacepanic\graphics\debug\link.9924.write.1.tlog
c:\users\d059264\google drive\master\projektarbeit\spacepanic\spacepanic\graphics\debug\link.command.1.tlog
c:\users\d059264\google drive\master\projektarbeit\spacepanic\spacepanic\graphics\debug\link.read.1.tlog
c:\users\d059264\google drive\master\projektarbeit\spacepanic\spacepanic\graphics\debug\link.write.1.tlog
c:\users\d059264\google drive\master\projektarbeit\spacepanic\spacepanic\graphics\debug\vc110.idb
c:\users\d059264\google drive\master\projektarbeit\spacepanic\spacepanic\graphics\debug\vc110.pdb
c:\users\d059264\google drive\master\projektarbeit\spacepanic\spacepanic\graphics\debug\thegame.tlog\cl.command.1.tlog
c:\users\d059264\google drive\master\projektarbeit\spacepanic\spacepanic\graphics\debug\thegame.tlog\cl.read.1.tlog
c:\users\d059264\google drive\master\projektarbeit\spacepanic\spacepanic\graphics\debug\thegame.tlog\cl.write.1.tlog
c:\users\d059264\google drive\master\projektarbeit\spacepanic\spacepanic\graphics\debug\thegame.tlog\link.command.1.tlog
c:\users\d059264\google drive\master\projektarbeit\spacepanic\spacepanic\graphics\debug\thegame.tlog\link.read.1.tlog
c:\users\d059264\google drive\master\projektarbeit\spacepanic\spacepanic\graphics\debug\thegame.tlog\link.write.1.tlog
