Build started 29.02.2016 00:44:06.
     1>Project "C:\Users\D059264\Documents\Studium\Master\Master\Projektarbeit\SpacePanic\SpacePanic\SpacePanic\SpacePanic.vcxproj" on node 2 (Build target(s)).
     1>ClCompile:
         C:\Program Files (x86)\Microsoft Visual Studio 12.0\VC\bin\CL.exe /c /ZI /nologo /W3 /WX- /sdl /Od /Oy- /D _MBCS /Gm /EHsc /RTC1 /MDd /GS /fp:precise /Zc:wchar_t /Zc:forScope /Fo"Debug\\" /Fd"Debug\vc120.pdb" /Gd /TP /analyze- /errorReport:prompt App.cpp GameplayScreen.cpp Main.cpp Monster.cpp Player.cpp RedblobGamesimpl.cpp
         Player.cpp
         Monster.cpp
     1>c:\users\d059264\documents\studium\master\master\projektarbeit\spacepanic\spacepanic\spacepanic\monster.h(119): warning C4413: 'Monster::m_holeBox' : reference member is initialized to a temporary that doesn't persist after the constructor exits
                 c:\users\d059264\documents\studium\master\master\projektarbeit\spacepanic\spacepanic\spacepanic\monster.h(119) : see declaration of 'Monster::m_holeBox'
     1>c:\users\d059264\documents\studium\master\master\projektarbeit\spacepanic\spacepanic\spacepanic\monster.cpp(56): warning C4244: 'argument' : conversion from 'time_t' to 'unsigned int', possible loss of data
     1>c:\users\d059264\documents\studium\master\master\projektarbeit\spacepanic\spacepanic\spacepanic\monster.cpp(104): warning C4244: '=' : conversion from 'int' to 'float', possible loss of data
     1>c:\users\d059264\documents\studium\master\master\projektarbeit\spacepanic\spacepanic\spacepanic\monster.cpp(130): warning C4244: '=' : conversion from 'int' to 'float', possible loss of data
     1>c:\users\d059264\documents\studium\master\master\projektarbeit\spacepanic\spacepanic\spacepanic\monster.cpp(180): warning C4244: '=' : conversion from 'int' to 'float', possible loss of data
     1>c:\users\d059264\documents\studium\master\master\projektarbeit\spacepanic\spacepanic\spacepanic\monster.cpp(193): warning C4244: '=' : conversion from 'int' to 'float', possible loss of data
     1>c:\users\d059264\documents\studium\master\master\projektarbeit\spacepanic\spacepanic\spacepanic\monster.cpp(207): warning C4244: '=' : conversion from 'int' to 'float', possible loss of data
     1>c:\users\d059264\documents\studium\master\master\projektarbeit\spacepanic\spacepanic\spacepanic\monster.cpp(218): warning C4244: '=' : conversion from 'int' to 'float', possible loss of data
     1>c:\users\d059264\documents\studium\master\master\projektarbeit\spacepanic\spacepanic\spacepanic\monster.cpp(252): warning C4244: '=' : conversion from 'int' to 'float', possible loss of data
     1>c:\users\d059264\documents\studium\master\master\projektarbeit\spacepanic\spacepanic\spacepanic\monster.cpp(268): warning C4244: '=' : conversion from 'int' to 'float', possible loss of data
     1>c:\users\d059264\documents\studium\master\master\projektarbeit\spacepanic\spacepanic\spacepanic\monster.cpp(283): warning C4244: '=' : conversion from 'double' to 'float', possible loss of data
     1>c:\users\d059264\documents\studium\master\master\projektarbeit\spacepanic\spacepanic\spacepanic\monster.cpp(378): warning C4018: '<' : signed/unsigned mismatch
     1>c:\program files (x86)\microsoft visual studio 12.0\vc\include\tuple(80): warning C4244: 'initializing' : conversion from 'float' to 'int', possible loss of data
                 c:\program files (x86)\microsoft visual studio 12.0\vc\include\tuple(258) : see reference to function template instantiation 'std::_Tuple_val<_This>::_Tuple_val<T&>(_Other)' being compiled
                 with
                 [
                     _This=int
         ,            T=float
         ,            _Other=float &
                 ]
                 c:\program files (x86)\microsoft visual studio 12.0\vc\include\tuple(258) : see reference to function template instantiation 'std::_Tuple_val<_This>::_Tuple_val<T&>(_Other)' being compiled
                 with
                 [
                     _This=int
         ,            T=float
         ,            _Other=float &
                 ]
                 c:\users\d059264\documents\studium\master\master\projektarbeit\spacepanic\spacepanic\spacepanic\monster.cpp(566) : see reference to function template instantiation 'std::tuple<int,int>::tuple<T&,T&,std::_Tuple_enable<std::tuple<>,std::tuple<>>::type>(std::tuple<T &,T &> &&)' being compiled
                 with
                 [
                     T=float
                 ]
                 c:\users\d059264\documents\studium\master\master\projektarbeit\spacepanic\spacepanic\spacepanic\monster.cpp(566) : see reference to function template instantiation 'std::tuple<int,int>::tuple<T&,T&,std::_Tuple_enable<std::tuple<>,std::tuple<>>::type>(std::tuple<T &,T &> &&)' being compiled
                 with
                 [
                     T=float
                 ]
         Generating Code...
         Compiling...
         GameplayScreen.cpp
     1>c:\users\d059264\documents\studium\master\master\projektarbeit\spacepanic\spacepanic\gameengine\gltexture.h(6): warning C4099: 'GameEngine::GLTexture' : type name first seen using 'class' now seen using 'struct'
                 c:\users\d059264\documents\studium\master\master\projektarbeit\spacepanic\spacepanic\gameengine\spritefont.h(36) : see declaration of 'GameEngine::GLTexture'
     1>c:\users\d059264\documents\studium\master\master\projektarbeit\spacepanic\spacepanic\spacepanic\gameplayscreen.cpp(161): warning C4018: '<' : signed/unsigned mismatch
     1>c:\users\d059264\documents\studium\master\master\projektarbeit\spacepanic\spacepanic\spacepanic\gameplayscreen.cpp(170): warning C4018: '<' : signed/unsigned mismatch
     1>c:\users\d059264\documents\studium\master\master\projektarbeit\spacepanic\spacepanic\spacepanic\gameplayscreen.cpp(286): warning C4018: '<' : signed/unsigned mismatch
     1>c:\users\d059264\documents\studium\master\master\projektarbeit\spacepanic\spacepanic\spacepanic\gameplayscreen.cpp(296): warning C4018: '<' : signed/unsigned mismatch
     1>c:\users\d059264\documents\studium\master\master\projektarbeit\spacepanic\spacepanic\spacepanic\gameplayscreen.cpp(345): warning C4244: 'argument' : conversion from 'time_t' to 'unsigned long', possible loss of data
     1>c:\users\d059264\documents\studium\master\master\projektarbeit\spacepanic\spacepanic\spacepanic\gameplayscreen.cpp(403): warning C4018: '>=' : signed/unsigned mismatch
     1>c:\users\d059264\documents\studium\master\master\projektarbeit\spacepanic\spacepanic\spacepanic\gameplayscreen.cpp(514): warning C4018: '<' : signed/unsigned mismatch
         Generating Code...
         Skipping... (no relevant changes detected)
         RedblobGamesimpl.cpp
         Main.cpp
         App.cpp
       Link:
         C:\Program Files (x86)\Microsoft Visual Studio 12.0\VC\bin\link.exe /ERRORREPORT:PROMPT /OUT:"C:\Users\D059264\Documents\Studium\Master\Master\Projektarbeit\SpacePanic\SpacePanic\Debug\SpacePanic.exe" /INCREMENTAL /NOLOGO SDL2.lib SDL2main.lib SDL2_ttf.lib SDL2_mixer.lib opengl32.lib glew32.lib GameEngine.lib Box2D.lib kernel32.lib user32.lib gdi32.lib winspool.lib comdlg32.lib advapi32.lib shell32.lib ole32.lib oleaut32.lib uuid.lib odbc32.lib odbccp32.lib /MANIFEST /MANIFESTUAC:"level='asInvoker' uiAccess='false'" /manifest:embed /DEBUG /PDB:"C:\Users\D059264\Documents\Studium\Master\Master\Projektarbeit\SpacePanic\SpacePanic\Debug\SpacePanic.pdb" /SUBSYSTEM:CONSOLE /TLBID:1 /DYNAMICBASE /NXCOMPAT /IMPLIB:"C:\Users\D059264\Documents\Studium\Master\Master\Projektarbeit\SpacePanic\SpacePanic\Debug\SpacePanic.lib" /MACHINE:X86 Debug\Agent.obj
         Debug\App.obj
         Debug\Box.obj
         Debug\GameplayScreen.obj
         Debug\Level.obj
         Debug\Main.obj
         Debug\Monster.obj
         Debug\LevelNode.obj
         Debug\PathFinder.obj
         Debug\Player.obj
         Debug\RedblobGamesimpl.obj
         SpacePanic.vcxproj -> C:\Users\D059264\Documents\Studium\Master\Master\Projektarbeit\SpacePanic\SpacePanic\Debug\SpacePanic.exe
     1>Done Building Project "C:\Users\D059264\Documents\Studium\Master\Master\Projektarbeit\SpacePanic\SpacePanic\SpacePanic\SpacePanic.vcxproj" (Build target(s)).

Build succeeded.

Time Elapsed 00:00:03.31
