Build started 29.02.2016 03:33:00.
     1>Project "C:\Users\D059264\Documents\Studium\Master\Master\Projektarbeit\SpacePanic\SpacePanic\SpacePanic\SpacePanic.vcxproj" on node 2 (Build target(s)).
     1>ClCompile:
         C:\Program Files (x86)\Microsoft Visual Studio 12.0\VC\bin\CL.exe /c /ZI /nologo /W3 /WX- /sdl /Od /Oy- /D _MBCS /Gm /EHsc /RTC1 /MDd /GS /fp:precise /Zc:wchar_t /Zc:forScope /Fo"Debug\\" /Fd"Debug\vc120.pdb" /Gd /TP /analyze- /errorReport:prompt Level.cpp
         Level.cpp
     1>c:\users\d059264\documents\studium\master\master\projektarbeit\spacepanic\spacepanic\spacepanic\level.cpp(95): warning C4018: '<' : signed/unsigned mismatch
     1>c:\users\d059264\documents\studium\master\master\projektarbeit\spacepanic\spacepanic\spacepanic\level.cpp(97): warning C4018: '<' : signed/unsigned mismatch
     1>c:\users\d059264\documents\studium\master\master\projektarbeit\spacepanic\spacepanic\spacepanic\level.cpp(170): warning C4804: '<' : unsafe use of type 'bool' in operation
     1>c:\users\d059264\documents\studium\master\master\projektarbeit\spacepanic\spacepanic\spacepanic\level.cpp(170): warning C4018: '<' : signed/unsigned mismatch
       Link:
         C:\Program Files (x86)\Microsoft Visual Studio 12.0\VC\bin\link.exe /ERRORREPORT:PROMPT /OUT:"C:\Users\D059264\Documents\Studium\Master\Master\Projektarbeit\SpacePanic\SpacePanic\Debug\SpacePanic.exe" /INCREMENTAL /NOLOGO SDL2.lib SDL2main.lib SDL2_ttf.lib SDL2_mixer.lib opengl32.lib glew32.lib GameEngine.lib Box2D.lib kernel32.lib user32.lib gdi32.lib winspool.lib comdlg32.lib advapi32.lib shell32.lib ole32.lib oleaut32.lib uuid.lib odbc32.lib odbccp32.lib /MANIFEST /MANIFESTUAC:"level='asInvoker' uiAccess='false'" /manifest:embed /DEBUG /PDB:"C:\Users\D059264\Documents\Studium\Master\Master\Projektarbeit\SpacePanic\SpacePanic\Debug\SpacePanic.pdb" /SUBSYSTEM:CONSOLE /TLBID:1 /DYNAMICBASE /NXCOMPAT /IMPLIB:"C:\Users\D059264\Documents\Studium\Master\Master\Projektarbeit\SpacePanic\SpacePanic\Debug\SpacePanic.lib" /MACHINE:X86 Debug\Agent.obj
         Debug\App.obj
         Debug\Box.obj
         Debug\GameplayScreen.obj
         Debug\Level.obj
         Debug\Main.obj
         Debug\Monster.obj
         Debug\LevelNode.obj
         Debug\PathFinder.obj
         Debug\Player.obj
         Debug\RedblobGamesimpl.obj
         SpacePanic.vcxproj -> C:\Users\D059264\Documents\Studium\Master\Master\Projektarbeit\SpacePanic\SpacePanic\Debug\SpacePanic.exe
     1>Done Building Project "C:\Users\D059264\Documents\Studium\Master\Master\Projektarbeit\SpacePanic\SpacePanic\SpacePanic\SpacePanic.vcxproj" (Build target(s)).

Build succeeded.

Time Elapsed 00:00:01.36
