Build started 30.12.2015 19:22:21.
     1>Project "C:\Users\D059264\Google Drive\Master\Projektarbeit\SpacePanic\SpacePanic\ZombieGame\ZombieGame.vcxproj" on node 2 (Build target(s)).
     1>ClCompile:
         C:\Program Files (x86)\Microsoft Visual Studio 12.0\VC\bin\CL.exe /c /Zi /nologo /W3 /WX- /sdl /O2 /Oi /Oy- /GL /D _MBCS /Gm- /EHsc /MD /GS /Gy /fp:precise /Zc:wchar_t /Zc:forScope /Fo"Release\\" /Fd"Release\vc120.pdb" /Gd /TP /analyze- /errorReport:prompt MainGame.cpp
         MainGame.cpp
     1>MainGame.cpp(35): warning C4018: '<' : signed/unsigned mismatch
     1>MainGame.cpp(39): warning C4018: '<' : signed/unsigned mismatch
     1>MainGame.cpp(43): warning C4018: '<' : signed/unsigned mismatch
     1>MainGame.cpp(83): warning C4244: 'argument' : conversion from 'time_t' to 'unsigned long', possible loss of data
     1>MainGame.cpp(97): warning C4018: '<' : signed/unsigned mismatch
     1>MainGame.cpp(152): warning C4018: '<' : signed/unsigned mismatch
     1>MainGame.cpp(158): warning C4018: '<' : signed/unsigned mismatch
     1>MainGame.cpp(164): warning C4018: '<' : signed/unsigned mismatch
     1>MainGame.cpp(167): warning C4018: '<' : signed/unsigned mismatch
     1>MainGame.cpp(172): warning C4018: '<' : signed/unsigned mismatch
     1>MainGame.cpp(192): warning C4018: '<' : signed/unsigned mismatch
     1>MainGame.cpp(195): warning C4018: '<' : signed/unsigned mismatch
     1>MainGame.cpp(203): warning C4018: '<' : signed/unsigned mismatch
     1>MainGame.cpp(218): warning C4018: '<' : signed/unsigned mismatch
     1>MainGame.cpp(222): warning C4018: '<' : signed/unsigned mismatch
     1>MainGame.cpp(256): warning C4018: '<' : signed/unsigned mismatch
     1>MainGame.cpp(313): warning C4244: 'argument' : conversion from 'Sint32' to 'float', possible loss of data
     1>MainGame.cpp(358): warning C4018: '<' : signed/unsigned mismatch
     1>MainGame.cpp(364): warning C4018: '<' : signed/unsigned mismatch
     1>MainGame.cpp(370): warning C4018: '<' : signed/unsigned mismatch
       Link:
         C:\Program Files (x86)\Microsoft Visual Studio 12.0\VC\bin\link.exe /ERRORREPORT:PROMPT /OUT:"C:\Users\D059264\Google Drive\Master\Projektarbeit\SpacePanic\SpacePanic\Release\ZombieGame.exe" /NOLOGO SDL2.lib SDL2main.lib opengl32.lib glew32.lib GameEngine.lib kernel32.lib user32.lib gdi32.lib winspool.lib comdlg32.lib advapi32.lib shell32.lib ole32.lib oleaut32.lib uuid.lib odbc32.lib odbccp32.lib /MANIFEST /MANIFESTUAC:"level='asInvoker' uiAccess='false'" /manifest:embed /DEBUG /PDB:"C:\Users\D059264\Google Drive\Master\Projektarbeit\SpacePanic\SpacePanic\Release\ZombieGame.pdb" /SUBSYSTEM:CONSOLE /OPT:REF /OPT:ICF /LTCG /TLBID:1 /DYNAMICBASE /NXCOMPAT /IMPLIB:"C:\Users\D059264\Google Drive\Master\Projektarbeit\SpacePanic\SpacePanic\Release\ZombieGame.lib" /MACHINE:X86 /SAFESEH Release\Agent.obj
         Release\Bullet.obj
         Release\Gun.obj
         Release\Human.obj
         Release\Level.obj
         Release\main.obj
         Release\MainGame.obj
         Release\Player.obj
         Release\Zombie.obj
         Generating code
         Finished generating code
         ZombieGame.vcxproj -> C:\Users\D059264\Google Drive\Master\Projektarbeit\SpacePanic\SpacePanic\Release\ZombieGame.exe
     1>Done Building Project "C:\Users\D059264\Google Drive\Master\Projektarbeit\SpacePanic\SpacePanic\ZombieGame\ZombieGame.vcxproj" (Build target(s)).

Build succeeded.

Time Elapsed 00:00:02.16
